<?xml version="1.0" encoding="UTF-8"?>
<!-- Generated by org.testng.reporters.JUnitReportReporter -->
<testsuite hostname="DESKTOP-VH4SGB0" failures="0" tests="1" name="TestCases.TC_Login_001" time="4.682" errors="0" timestamp="2023-10-19T11:34:10 IST" skipped="0">
  <testcase classname="TestCases.TC_Login_001" name="logintest" time="4.682"/>
</testsuite> <!-- TestCases.TC_Login_001 -->
