<?xml version="1.0" encoding="UTF-8"?>
<!-- Generated by org.testng.reporters.JUnitReportReporter -->
<testsuite hostname="DESKTOP-VH4SGB0" failures="0" tests="1" name="TestCases.Testcase_001_login" time="14.206" errors="0" timestamp="2023-10-29T16:35:18 IST" skipped="0">
  <testcase classname="TestCases.Testcase_001_login" name="logintest" time="14.206"/>
</testsuite> <!-- TestCases.Testcase_001_login -->
